$ umask 022 && mkdir -p "/mnt/disks/build-disk/src/android/rust-1.73.0/out/package/lib/rustlib"
$ echo "3" > "/mnt/disks/build-disk/src/android/rust-1.73.0/out/package/lib/rustlib/rust-installer-version"
install: creating uninstall script at /mnt/disks/build-disk/src/android/rust-1.73.0/out/package/lib/rustlib/uninstall.sh
$ cp /mnt/disks/build-disk/src/android/rust-1.73.0/out/rustc/build/tmp/tarball/rustc/x86_64-unknown-linux-gnu/rustc-1.73.0-dev-x86_64-unknown-linux-gnu/install.sh /mnt/disks/build-disk/src/android/rust-1.73.0/out/package/lib/rustlib/uninstall.sh
install: installing component 'rustc'
$ echo "rustc" >> "/mnt/disks/build-disk/src/android/rust-1.73.0/out/package/lib/rustlib/components"
$ umask 022 && mkdir -p "/mnt/disks/build-disk/src/android/rust-1.73.0/out/package/bin"
install: copying file /mnt/disks/build-disk/src/android/rust-1.73.0/out/package/bin/cargo-clippy
install: backing up existing file at /mnt/disks/build-disk/src/android/rust-1.73.0/out/package/bin/cargo-clippy
$ mv -f /mnt/disks/build-disk/src/android/rust-1.73.0/out/package/bin/cargo-clippy /mnt/disks/build-disk/src/android/rust-1.73.0/out/package/bin/cargo-clippy.old
$ cp /mnt/disks/build-disk/src/android/rust-1.73.0/out/rustc/build/tmp/tarball/rustc/x86_64-unknown-linux-gnu/rustc-1.73.0-dev-x86_64-unknown-linux-gnu/rustc/bin/cargo-clippy /mnt/disks/build-disk/src/android/rust-1.73.0/out/package/bin/cargo-clippy
$ chmod 755 /mnt/disks/build-disk/src/android/rust-1.73.0/out/package/bin/cargo-clippy
$ echo "file:/mnt/disks/build-disk/src/android/rust-1.73.0/out/package/bin/cargo-clippy" >> "/mnt/disks/build-disk/src/android/rust-1.73.0/out/package/lib/rustlib/manifest-rustc"
$ umask 022 && mkdir -p "/mnt/disks/build-disk/src/android/rust-1.73.0/out/package/bin"
install: copying file /mnt/disks/build-disk/src/android/rust-1.73.0/out/package/bin/cargo-fmt
install: backing up existing file at /mnt/disks/build-disk/src/android/rust-1.73.0/out/package/bin/cargo-fmt
$ mv -f /mnt/disks/build-disk/src/android/rust-1.73.0/out/package/bin/cargo-fmt /mnt/disks/build-disk/src/android/rust-1.73.0/out/package/bin/cargo-fmt.old
$ cp /mnt/disks/build-disk/src/android/rust-1.73.0/out/rustc/build/tmp/tarball/rustc/x86_64-unknown-linux-gnu/rustc-1.73.0-dev-x86_64-unknown-linux-gnu/rustc/bin/cargo-fmt /mnt/disks/build-disk/src/android/rust-1.73.0/out/package/bin/cargo-fmt
$ chmod 755 /mnt/disks/build-disk/src/android/rust-1.73.0/out/package/bin/cargo-fmt
$ echo "file:/mnt/disks/build-disk/src/android/rust-1.73.0/out/package/bin/cargo-fmt" >> "/mnt/disks/build-disk/src/android/rust-1.73.0/out/package/lib/rustlib/manifest-rustc"
$ umask 022 && mkdir -p "/mnt/disks/build-disk/src/android/rust-1.73.0/out/package/bin"
install: copying file /mnt/disks/build-disk/src/android/rust-1.73.0/out/package/bin/clippy-driver
install: backing up existing file at /mnt/disks/build-disk/src/android/rust-1.73.0/out/package/bin/clippy-driver
$ mv -f /mnt/disks/build-disk/src/android/rust-1.73.0/out/package/bin/clippy-driver /mnt/disks/build-disk/src/android/rust-1.73.0/out/package/bin/clippy-driver.old
$ cp /mnt/disks/build-disk/src/android/rust-1.73.0/out/rustc/build/tmp/tarball/rustc/x86_64-unknown-linux-gnu/rustc-1.73.0-dev-x86_64-unknown-linux-gnu/rustc/bin/clippy-driver /mnt/disks/build-disk/src/android/rust-1.73.0/out/package/bin/clippy-driver
$ chmod 755 /mnt/disks/build-disk/src/android/rust-1.73.0/out/package/bin/clippy-driver
$ echo "file:/mnt/disks/build-disk/src/android/rust-1.73.0/out/package/bin/clippy-driver" >> "/mnt/disks/build-disk/src/android/rust-1.73.0/out/package/lib/rustlib/manifest-rustc"
$ umask 022 && mkdir -p "/mnt/disks/build-disk/src/android/rust-1.73.0/out/package/bin"
install: copying file /mnt/disks/build-disk/src/android/rust-1.73.0/out/package/bin/rust-gdb
$ cp /mnt/disks/build-disk/src/android/rust-1.73.0/out/rustc/build/tmp/tarball/rustc/x86_64-unknown-linux-gnu/rustc-1.73.0-dev-x86_64-unknown-linux-gnu/rustc/bin/rust-gdb /mnt/disks/build-disk/src/android/rust-1.73.0/out/package/bin/rust-gdb
$ chmod 755 /mnt/disks/build-disk/src/android/rust-1.73.0/out/package/bin/rust-gdb
$ echo "file:/mnt/disks/build-disk/src/android/rust-1.73.0/out/package/bin/rust-gdb" >> "/mnt/disks/build-disk/src/android/rust-1.73.0/out/package/lib/rustlib/manifest-rustc"
$ umask 022 && mkdir -p "/mnt/disks/build-disk/src/android/rust-1.73.0/out/package/bin"
install: copying file /mnt/disks/build-disk/src/android/rust-1.73.0/out/package/bin/rust-gdbgui
$ cp /mnt/disks/build-disk/src/android/rust-1.73.0/out/rustc/build/tmp/tarball/rustc/x86_64-unknown-linux-gnu/rustc-1.73.0-dev-x86_64-unknown-linux-gnu/rustc/bin/rust-gdbgui /mnt/disks/build-disk/src/android/rust-1.73.0/out/package/bin/rust-gdbgui
$ chmod 755 /mnt/disks/build-disk/src/android/rust-1.73.0/out/package/bin/rust-gdbgui
$ echo "file:/mnt/disks/build-disk/src/android/rust-1.73.0/out/package/bin/rust-gdbgui" >> "/mnt/disks/build-disk/src/android/rust-1.73.0/out/package/lib/rustlib/manifest-rustc"
$ umask 022 && mkdir -p "/mnt/disks/build-disk/src/android/rust-1.73.0/out/package/bin"
install: copying file /mnt/disks/build-disk/src/android/rust-1.73.0/out/package/bin/rust-lldb
$ cp /mnt/disks/build-disk/src/android/rust-1.73.0/out/rustc/build/tmp/tarball/rustc/x86_64-unknown-linux-gnu/rustc-1.73.0-dev-x86_64-unknown-linux-gnu/rustc/bin/rust-lldb /mnt/disks/build-disk/src/android/rust-1.73.0/out/package/bin/rust-lldb
$ chmod 755 /mnt/disks/build-disk/src/android/rust-1.73.0/out/package/bin/rust-lldb
$ echo "file:/mnt/disks/build-disk/src/android/rust-1.73.0/out/package/bin/rust-lldb" >> "/mnt/disks/build-disk/src/android/rust-1.73.0/out/package/lib/rustlib/manifest-rustc"
$ umask 022 && mkdir -p "/mnt/disks/build-disk/src/android/rust-1.73.0/out/package/bin"
install: copying file /mnt/disks/build-disk/src/android/rust-1.73.0/out/package/bin/rustc
$ cp /mnt/disks/build-disk/src/android/rust-1.73.0/out/rustc/build/tmp/tarball/rustc/x86_64-unknown-linux-gnu/rustc-1.73.0-dev-x86_64-unknown-linux-gnu/rustc/bin/rustc /mnt/disks/build-disk/src/android/rust-1.73.0/out/package/bin/rustc
$ chmod 755 /mnt/disks/build-disk/src/android/rust-1.73.0/out/package/bin/rustc
$ echo "file:/mnt/disks/build-disk/src/android/rust-1.73.0/out/package/bin/rustc" >> "/mnt/disks/build-disk/src/android/rust-1.73.0/out/package/lib/rustlib/manifest-rustc"
$ umask 022 && mkdir -p "/mnt/disks/build-disk/src/android/rust-1.73.0/out/package/bin"
install: copying file /mnt/disks/build-disk/src/android/rust-1.73.0/out/package/bin/rustdoc
$ cp /mnt/disks/build-disk/src/android/rust-1.73.0/out/rustc/build/tmp/tarball/rustc/x86_64-unknown-linux-gnu/rustc-1.73.0-dev-x86_64-unknown-linux-gnu/rustc/bin/rustdoc /mnt/disks/build-disk/src/android/rust-1.73.0/out/package/bin/rustdoc
$ chmod 755 /mnt/disks/build-disk/src/android/rust-1.73.0/out/package/bin/rustdoc
$ echo "file:/mnt/disks/build-disk/src/android/rust-1.73.0/out/package/bin/rustdoc" >> "/mnt/disks/build-disk/src/android/rust-1.73.0/out/package/lib/rustlib/manifest-rustc"
$ umask 022 && mkdir -p "/mnt/disks/build-disk/src/android/rust-1.73.0/out/package/bin"
install: copying file /mnt/disks/build-disk/src/android/rust-1.73.0/out/package/bin/rustfmt
install: backing up existing file at /mnt/disks/build-disk/src/android/rust-1.73.0/out/package/bin/rustfmt
$ mv -f /mnt/disks/build-disk/src/android/rust-1.73.0/out/package/bin/rustfmt /mnt/disks/build-disk/src/android/rust-1.73.0/out/package/bin/rustfmt.old
$ cp /mnt/disks/build-disk/src/android/rust-1.73.0/out/rustc/build/tmp/tarball/rustc/x86_64-unknown-linux-gnu/rustc-1.73.0-dev-x86_64-unknown-linux-gnu/rustc/bin/rustfmt /mnt/disks/build-disk/src/android/rust-1.73.0/out/package/bin/rustfmt
$ chmod 755 /mnt/disks/build-disk/src/android/rust-1.73.0/out/package/bin/rustfmt
$ echo "file:/mnt/disks/build-disk/src/android/rust-1.73.0/out/package/bin/rustfmt" >> "/mnt/disks/build-disk/src/android/rust-1.73.0/out/package/lib/rustlib/manifest-rustc"
$ umask 022 && mkdir -p "/mnt/disks/build-disk/src/android/rust-1.73.0/out/package/lib"
install: copying file /mnt/disks/build-disk/src/android/rust-1.73.0/out/package/lib/libLLVM-17.so
$ cp /mnt/disks/build-disk/src/android/rust-1.73.0/out/rustc/build/tmp/tarball/rustc/x86_64-unknown-linux-gnu/rustc-1.73.0-dev-x86_64-unknown-linux-gnu/rustc/lib/libLLVM-17.so /mnt/disks/build-disk/src/android/rust-1.73.0/out/package/lib/libLLVM-17.so
$ chmod 644 /mnt/disks/build-disk/src/android/rust-1.73.0/out/package/lib/libLLVM-17.so
$ echo "file:/mnt/disks/build-disk/src/android/rust-1.73.0/out/package/lib/libLLVM-17.so" >> "/mnt/disks/build-disk/src/android/rust-1.73.0/out/package/lib/rustlib/manifest-rustc"
$ umask 022 && mkdir -p "/mnt/disks/build-disk/src/android/rust-1.73.0/out/package/lib"
install: copying file /mnt/disks/build-disk/src/android/rust-1.73.0/out/package/lib/librustc_driver-0d1b076dc0ef9a9b.so
$ cp /mnt/disks/build-disk/src/android/rust-1.73.0/out/rustc/build/tmp/tarball/rustc/x86_64-unknown-linux-gnu/rustc-1.73.0-dev-x86_64-unknown-linux-gnu/rustc/lib/librustc_driver-0d1b076dc0ef9a9b.so /mnt/disks/build-disk/src/android/rust-1.73.0/out/package/lib/librustc_driver-0d1b076dc0ef9a9b.so
$ chmod 644 /mnt/disks/build-disk/src/android/rust-1.73.0/out/package/lib/librustc_driver-0d1b076dc0ef9a9b.so
$ echo "file:/mnt/disks/build-disk/src/android/rust-1.73.0/out/package/lib/librustc_driver-0d1b076dc0ef9a9b.so" >> "/mnt/disks/build-disk/src/android/rust-1.73.0/out/package/lib/rustlib/manifest-rustc"
$ umask 022 && mkdir -p "/mnt/disks/build-disk/src/android/rust-1.73.0/out/package/lib"
install: copying file /mnt/disks/build-disk/src/android/rust-1.73.0/out/package/lib/libstd-05fc3f2433c34e53.so
$ cp /mnt/disks/build-disk/src/android/rust-1.73.0/out/rustc/build/tmp/tarball/rustc/x86_64-unknown-linux-gnu/rustc-1.73.0-dev-x86_64-unknown-linux-gnu/rustc/lib/libstd-05fc3f2433c34e53.so /mnt/disks/build-disk/src/android/rust-1.73.0/out/package/lib/libstd-05fc3f2433c34e53.so
$ chmod 644 /mnt/disks/build-disk/src/android/rust-1.73.0/out/package/lib/libstd-05fc3f2433c34e53.so
$ echo "file:/mnt/disks/build-disk/src/android/rust-1.73.0/out/package/lib/libstd-05fc3f2433c34e53.so" >> "/mnt/disks/build-disk/src/android/rust-1.73.0/out/package/lib/rustlib/manifest-rustc"
$ umask 022 && mkdir -p "/mnt/disks/build-disk/src/android/rust-1.73.0/out/package/lib"
install: copying file /mnt/disks/build-disk/src/android/rust-1.73.0/out/package/lib/libtest-637d54f2c4169feb.so
$ cp /mnt/disks/build-disk/src/android/rust-1.73.0/out/rustc/build/tmp/tarball/rustc/x86_64-unknown-linux-gnu/rustc-1.73.0-dev-x86_64-unknown-linux-gnu/rustc/lib/libtest-637d54f2c4169feb.so /mnt/disks/build-disk/src/android/rust-1.73.0/out/package/lib/libtest-637d54f2c4169feb.so
$ chmod 644 /mnt/disks/build-disk/src/android/rust-1.73.0/out/package/lib/libtest-637d54f2c4169feb.so
$ echo "file:/mnt/disks/build-disk/src/android/rust-1.73.0/out/package/lib/libtest-637d54f2c4169feb.so" >> "/mnt/disks/build-disk/src/android/rust-1.73.0/out/package/lib/rustlib/manifest-rustc"
$ umask 022 && mkdir -p "/mnt/disks/build-disk/src/android/rust-1.73.0/out/package/lib/rustlib/etc"
install: copying file /mnt/disks/build-disk/src/android/rust-1.73.0/out/package/lib/rustlib/etc/gdb_load_rust_pretty_printers.py
$ cp /mnt/disks/build-disk/src/android/rust-1.73.0/out/rustc/build/tmp/tarball/rustc/x86_64-unknown-linux-gnu/rustc-1.73.0-dev-x86_64-unknown-linux-gnu/rustc/lib/rustlib/etc/gdb_load_rust_pretty_printers.py /mnt/disks/build-disk/src/android/rust-1.73.0/out/package/lib/rustlib/etc/gdb_load_rust_pretty_printers.py
$ chmod 644 /mnt/disks/build-disk/src/android/rust-1.73.0/out/package/lib/rustlib/etc/gdb_load_rust_pretty_printers.py
$ echo "file:/mnt/disks/build-disk/src/android/rust-1.73.0/out/package/lib/rustlib/etc/gdb_load_rust_pretty_printers.py" >> "/mnt/disks/build-disk/src/android/rust-1.73.0/out/package/lib/rustlib/manifest-rustc"
$ umask 022 && mkdir -p "/mnt/disks/build-disk/src/android/rust-1.73.0/out/package/lib/rustlib/etc"
install: copying file /mnt/disks/build-disk/src/android/rust-1.73.0/out/package/lib/rustlib/etc/gdb_lookup.py
$ cp /mnt/disks/build-disk/src/android/rust-1.73.0/out/rustc/build/tmp/tarball/rustc/x86_64-unknown-linux-gnu/rustc-1.73.0-dev-x86_64-unknown-linux-gnu/rustc/lib/rustlib/etc/gdb_lookup.py /mnt/disks/build-disk/src/android/rust-1.73.0/out/package/lib/rustlib/etc/gdb_lookup.py
$ chmod 644 /mnt/disks/build-disk/src/android/rust-1.73.0/out/package/lib/rustlib/etc/gdb_lookup.py
$ echo "file:/mnt/disks/build-disk/src/android/rust-1.73.0/out/package/lib/rustlib/etc/gdb_lookup.py" >> "/mnt/disks/build-disk/src/android/rust-1.73.0/out/package/lib/rustlib/manifest-rustc"
$ umask 022 && mkdir -p "/mnt/disks/build-disk/src/android/rust-1.73.0/out/package/lib/rustlib/etc"
install: copying file /mnt/disks/build-disk/src/android/rust-1.73.0/out/package/lib/rustlib/etc/gdb_providers.py
$ cp /mnt/disks/build-disk/src/android/rust-1.73.0/out/rustc/build/tmp/tarball/rustc/x86_64-unknown-linux-gnu/rustc-1.73.0-dev-x86_64-unknown-linux-gnu/rustc/lib/rustlib/etc/gdb_providers.py /mnt/disks/build-disk/src/android/rust-1.73.0/out/package/lib/rustlib/etc/gdb_providers.py
$ chmod 644 /mnt/disks/build-disk/src/android/rust-1.73.0/out/package/lib/rustlib/etc/gdb_providers.py
$ echo "file:/mnt/disks/build-disk/src/android/rust-1.73.0/out/package/lib/rustlib/etc/gdb_providers.py" >> "/mnt/disks/build-disk/src/android/rust-1.73.0/out/package/lib/rustlib/manifest-rustc"
$ umask 022 && mkdir -p "/mnt/disks/build-disk/src/android/rust-1.73.0/out/package/lib/rustlib/etc"
install: copying file /mnt/disks/build-disk/src/android/rust-1.73.0/out/package/lib/rustlib/etc/lldb_commands
$ cp /mnt/disks/build-disk/src/android/rust-1.73.0/out/rustc/build/tmp/tarball/rustc/x86_64-unknown-linux-gnu/rustc-1.73.0-dev-x86_64-unknown-linux-gnu/rustc/lib/rustlib/etc/lldb_commands /mnt/disks/build-disk/src/android/rust-1.73.0/out/package/lib/rustlib/etc/lldb_commands
$ chmod 644 /mnt/disks/build-disk/src/android/rust-1.73.0/out/package/lib/rustlib/etc/lldb_commands
$ echo "file:/mnt/disks/build-disk/src/android/rust-1.73.0/out/package/lib/rustlib/etc/lldb_commands" >> "/mnt/disks/build-disk/src/android/rust-1.73.0/out/package/lib/rustlib/manifest-rustc"
$ umask 022 && mkdir -p "/mnt/disks/build-disk/src/android/rust-1.73.0/out/package/lib/rustlib/etc"
install: copying file /mnt/disks/build-disk/src/android/rust-1.73.0/out/package/lib/rustlib/etc/lldb_lookup.py
$ cp /mnt/disks/build-disk/src/android/rust-1.73.0/out/rustc/build/tmp/tarball/rustc/x86_64-unknown-linux-gnu/rustc-1.73.0-dev-x86_64-unknown-linux-gnu/rustc/lib/rustlib/etc/lldb_lookup.py /mnt/disks/build-disk/src/android/rust-1.73.0/out/package/lib/rustlib/etc/lldb_lookup.py
$ chmod 644 /mnt/disks/build-disk/src/android/rust-1.73.0/out/package/lib/rustlib/etc/lldb_lookup.py
$ echo "file:/mnt/disks/build-disk/src/android/rust-1.73.0/out/package/lib/rustlib/etc/lldb_lookup.py" >> "/mnt/disks/build-disk/src/android/rust-1.73.0/out/package/lib/rustlib/manifest-rustc"
$ umask 022 && mkdir -p "/mnt/disks/build-disk/src/android/rust-1.73.0/out/package/lib/rustlib/etc"
install: copying file /mnt/disks/build-disk/src/android/rust-1.73.0/out/package/lib/rustlib/etc/lldb_providers.py
$ cp /mnt/disks/build-disk/src/android/rust-1.73.0/out/rustc/build/tmp/tarball/rustc/x86_64-unknown-linux-gnu/rustc-1.73.0-dev-x86_64-unknown-linux-gnu/rustc/lib/rustlib/etc/lldb_providers.py /mnt/disks/build-disk/src/android/rust-1.73.0/out/package/lib/rustlib/etc/lldb_providers.py
$ chmod 644 /mnt/disks/build-disk/src/android/rust-1.73.0/out/package/lib/rustlib/etc/lldb_providers.py
$ echo "file:/mnt/disks/build-disk/src/android/rust-1.73.0/out/package/lib/rustlib/etc/lldb_providers.py" >> "/mnt/disks/build-disk/src/android/rust-1.73.0/out/package/lib/rustlib/manifest-rustc"
$ umask 022 && mkdir -p "/mnt/disks/build-disk/src/android/rust-1.73.0/out/package/lib/rustlib/etc"
install: copying file /mnt/disks/build-disk/src/android/rust-1.73.0/out/package/lib/rustlib/etc/rust_types.py
$ cp /mnt/disks/build-disk/src/android/rust-1.73.0/out/rustc/build/tmp/tarball/rustc/x86_64-unknown-linux-gnu/rustc-1.73.0-dev-x86_64-unknown-linux-gnu/rustc/lib/rustlib/etc/rust_types.py /mnt/disks/build-disk/src/android/rust-1.73.0/out/package/lib/rustlib/etc/rust_types.py
$ chmod 644 /mnt/disks/build-disk/src/android/rust-1.73.0/out/package/lib/rustlib/etc/rust_types.py
$ echo "file:/mnt/disks/build-disk/src/android/rust-1.73.0/out/package/lib/rustlib/etc/rust_types.py" >> "/mnt/disks/build-disk/src/android/rust-1.73.0/out/package/lib/rustlib/manifest-rustc"
$ umask 022 && mkdir -p "/mnt/disks/build-disk/src/android/rust-1.73.0/out/package/libexec"
install: copying file /mnt/disks/build-disk/src/android/rust-1.73.0/out/package/libexec/rust-analyzer-proc-macro-srv
$ cp /mnt/disks/build-disk/src/android/rust-1.73.0/out/rustc/build/tmp/tarball/rustc/x86_64-unknown-linux-gnu/rustc-1.73.0-dev-x86_64-unknown-linux-gnu/rustc/libexec/rust-analyzer-proc-macro-srv /mnt/disks/build-disk/src/android/rust-1.73.0/out/package/libexec/rust-analyzer-proc-macro-srv
$ chmod 755 /mnt/disks/build-disk/src/android/rust-1.73.0/out/package/libexec/rust-analyzer-proc-macro-srv
$ echo "file:/mnt/disks/build-disk/src/android/rust-1.73.0/out/package/libexec/rust-analyzer-proc-macro-srv" >> "/mnt/disks/build-disk/src/android/rust-1.73.0/out/package/lib/rustlib/manifest-rustc"
$ umask 022 && mkdir -p "/mnt/disks/build-disk/src/android/rust-1.73.0/out/package/share/doc/rust"
install: copying file /mnt/disks/build-disk/src/android/rust-1.73.0/out/package/share/doc/rust/COPYRIGHT
$ cp /mnt/disks/build-disk/src/android/rust-1.73.0/out/rustc/build/tmp/tarball/rustc/x86_64-unknown-linux-gnu/rustc-1.73.0-dev-x86_64-unknown-linux-gnu/rustc/share/doc/rust/COPYRIGHT /mnt/disks/build-disk/src/android/rust-1.73.0/out/package/share/doc/rust/COPYRIGHT
$ chmod 644 /mnt/disks/build-disk/src/android/rust-1.73.0/out/package/share/doc/rust/COPYRIGHT
$ echo "file:/mnt/disks/build-disk/src/android/rust-1.73.0/out/package/share/doc/rust/COPYRIGHT" >> "/mnt/disks/build-disk/src/android/rust-1.73.0/out/package/lib/rustlib/manifest-rustc"
$ umask 022 && mkdir -p "/mnt/disks/build-disk/src/android/rust-1.73.0/out/package/share/doc/rust"
install: copying file /mnt/disks/build-disk/src/android/rust-1.73.0/out/package/share/doc/rust/LICENSE-APACHE
install: backing up existing file at /mnt/disks/build-disk/src/android/rust-1.73.0/out/package/share/doc/rust/LICENSE-APACHE
$ mv -f /mnt/disks/build-disk/src/android/rust-1.73.0/out/package/share/doc/rust/LICENSE-APACHE /mnt/disks/build-disk/src/android/rust-1.73.0/out/package/share/doc/rust/LICENSE-APACHE.old
$ cp /mnt/disks/build-disk/src/android/rust-1.73.0/out/rustc/build/tmp/tarball/rustc/x86_64-unknown-linux-gnu/rustc-1.73.0-dev-x86_64-unknown-linux-gnu/rustc/share/doc/rust/LICENSE-APACHE /mnt/disks/build-disk/src/android/rust-1.73.0/out/package/share/doc/rust/LICENSE-APACHE
$ chmod 644 /mnt/disks/build-disk/src/android/rust-1.73.0/out/package/share/doc/rust/LICENSE-APACHE
$ echo "file:/mnt/disks/build-disk/src/android/rust-1.73.0/out/package/share/doc/rust/LICENSE-APACHE" >> "/mnt/disks/build-disk/src/android/rust-1.73.0/out/package/lib/rustlib/manifest-rustc"
$ umask 022 && mkdir -p "/mnt/disks/build-disk/src/android/rust-1.73.0/out/package/share/doc/rust"
install: copying file /mnt/disks/build-disk/src/android/rust-1.73.0/out/package/share/doc/rust/LICENSE-MIT
install: backing up existing file at /mnt/disks/build-disk/src/android/rust-1.73.0/out/package/share/doc/rust/LICENSE-MIT
$ mv -f /mnt/disks/build-disk/src/android/rust-1.73.0/out/package/share/doc/rust/LICENSE-MIT /mnt/disks/build-disk/src/android/rust-1.73.0/out/package/share/doc/rust/LICENSE-MIT.old
$ cp /mnt/disks/build-disk/src/android/rust-1.73.0/out/rustc/build/tmp/tarball/rustc/x86_64-unknown-linux-gnu/rustc-1.73.0-dev-x86_64-unknown-linux-gnu/rustc/share/doc/rust/LICENSE-MIT /mnt/disks/build-disk/src/android/rust-1.73.0/out/package/share/doc/rust/LICENSE-MIT
$ chmod 644 /mnt/disks/build-disk/src/android/rust-1.73.0/out/package/share/doc/rust/LICENSE-MIT
$ echo "file:/mnt/disks/build-disk/src/android/rust-1.73.0/out/package/share/doc/rust/LICENSE-MIT" >> "/mnt/disks/build-disk/src/android/rust-1.73.0/out/package/lib/rustlib/manifest-rustc"
$ umask 022 && mkdir -p "/mnt/disks/build-disk/src/android/rust-1.73.0/out/package/share/doc/rust"
install: copying file /mnt/disks/build-disk/src/android/rust-1.73.0/out/package/share/doc/rust/README.md
install: backing up existing file at /mnt/disks/build-disk/src/android/rust-1.73.0/out/package/share/doc/rust/README.md
$ mv -f /mnt/disks/build-disk/src/android/rust-1.73.0/out/package/share/doc/rust/README.md /mnt/disks/build-disk/src/android/rust-1.73.0/out/package/share/doc/rust/README.md.old
$ cp /mnt/disks/build-disk/src/android/rust-1.73.0/out/rustc/build/tmp/tarball/rustc/x86_64-unknown-linux-gnu/rustc-1.73.0-dev-x86_64-unknown-linux-gnu/rustc/share/doc/rust/README.md /mnt/disks/build-disk/src/android/rust-1.73.0/out/package/share/doc/rust/README.md
$ chmod 644 /mnt/disks/build-disk/src/android/rust-1.73.0/out/package/share/doc/rust/README.md
$ echo "file:/mnt/disks/build-disk/src/android/rust-1.73.0/out/package/share/doc/rust/README.md" >> "/mnt/disks/build-disk/src/android/rust-1.73.0/out/package/lib/rustlib/manifest-rustc"
$ umask 022 && mkdir -p "/mnt/disks/build-disk/src/android/rust-1.73.0/out/package/share/man/man1"
install: copying file /mnt/disks/build-disk/src/android/rust-1.73.0/out/package/share/man/man1/rustc.1
$ cp /mnt/disks/build-disk/src/android/rust-1.73.0/out/rustc/build/tmp/tarball/rustc/x86_64-unknown-linux-gnu/rustc-1.73.0-dev-x86_64-unknown-linux-gnu/rustc/share/man/man1/rustc.1 /mnt/disks/build-disk/src/android/rust-1.73.0/out/package/share/man/man1/rustc.1
$ chmod 644 /mnt/disks/build-disk/src/android/rust-1.73.0/out/package/share/man/man1/rustc.1
$ echo "file:/mnt/disks/build-disk/src/android/rust-1.73.0/out/package/share/man/man1/rustc.1" >> "/mnt/disks/build-disk/src/android/rust-1.73.0/out/package/lib/rustlib/manifest-rustc"
$ umask 022 && mkdir -p "/mnt/disks/build-disk/src/android/rust-1.73.0/out/package/share/man/man1"
install: copying file /mnt/disks/build-disk/src/android/rust-1.73.0/out/package/share/man/man1/rustdoc.1
$ cp /mnt/disks/build-disk/src/android/rust-1.73.0/out/rustc/build/tmp/tarball/rustc/x86_64-unknown-linux-gnu/rustc-1.73.0-dev-x86_64-unknown-linux-gnu/rustc/share/man/man1/rustdoc.1 /mnt/disks/build-disk/src/android/rust-1.73.0/out/package/share/man/man1/rustdoc.1
$ chmod 644 /mnt/disks/build-disk/src/android/rust-1.73.0/out/package/share/man/man1/rustdoc.1
$ echo "file:/mnt/disks/build-disk/src/android/rust-1.73.0/out/package/share/man/man1/rustdoc.1" >> "/mnt/disks/build-disk/src/android/rust-1.73.0/out/package/lib/rustlib/manifest-rustc"
